#
#
# metaTwist (compiled on Apr  1 2019 @ 10:31:32)
#
#
# Reading from input: 
# metatwist --dx ../0_crown-ether-3drism/g.K+.1.dx.bz2 --odx lp-K+.dx --sigma 1.0 --convolve 4 --species K+ K+ --bulk 0.2 
#
#
# Reading from ../0_crown-ether-3drism/g.K+.1.dx.bz2 file .
#
#
# Volumetric data initiated.
# name        : ../0_crown-ether-3drism/g.K+.1
# file        : ../0_crown-ether-3drism/g.K+.1.dx.bz2
#
#
#
#
#
# Volumetric data details.
# name        : ../0_crown-ether-3drism/g.K+.1
# species     : K+ 
# residue     : K+ 
# bulk dens(particle * A^-3): 1.205E-04 
# bulk conc(M):    0.200 
# 
# origin [A]  :  -37.074  -35.916  -43.974
# skew        :    0.500    0.000    0.000
# skew        :    0.000    0.500    0.000
# skew        :    0.000    0.000    0.500
# max value   : 2089.800 
# min value   :    0.000 
# grid size   : 192 x 192 x 192 
# 
# a  [A]      :  96.0000   0.0000   0.0000
# b  [A]      :   0.0000  96.0000   0.0000
# c  [A]      :   0.0000   0.0000  96.0000
# a* [A^-1]   :   0.0104   0.0000   0.0000
# b* [A^-1]   :   0.0000   0.0104   0.0000
# c* [A^-1]   :   0.0000   0.0000   0.0104
# 
# Volume [A^3]:   884736.000 
# Vvoxel [A^3]:        0.125 
# Convolving density map.
# Laplacian of a Gaussian Filter.
# >> Writing density to convolution-lp-K+.dx.
# metatwist completed succesfully!
