This file contains any messages produced by compilers while
running configure, to aid debugging if configure makes a mistake.

It was created by fftw configure 3.3, which was
generated by GNU Autoconf 2.67.  Invocation command line was

  $ ./configure --disable-doc --prefix=/Users/case/msander --libdir=/Users/case/msander/lib --enable-static --enable-sse2=yes CC=gcc -fPIC CFLAGS=  F77=gfortran -fPIC FFLAGS= 

## --------- ##
## Platform. ##
## --------- ##

hostname = vpn-client-172-16-8-58.rutgers.edu
uname -m = x86_64
uname -r = 19.0.0
uname -s = Darwin
uname -v = Darwin Kernel Version 19.0.0: Wed Sep 25 20:18:50 PDT 2019; root:xnu-6153.11.26~2/RELEASE_X86_64

/usr/bin/uname -p = i386
/bin/uname -X     = unknown

/bin/arch              = unknown
/usr/bin/arch -k       = unknown
/usr/convex/getsysinfo = unknown
/usr/bin/hostinfo      = Mach kernel version:
	 Darwin Kernel Version 19.0.0: Wed Sep 25 20:18:50 PDT 2019; root:xnu-6153.11.26~2/RELEASE_X86_64
Kernel configured for up to 12 processors.
6 processors are physically available.
12 processors are logically available.
Processor type: x86_64h (Intel x86-64h Haswell)
Processors active: 0 1 2 3 4 5 6 7 8 9 10 11
Primary memory available: 32.00 gigabytes
Default processor set: 444 tasks, 1990 threads, 12 processors
Load average: 1.93, Mach factor: 10.06
/bin/machine           = unknown
/usr/bin/oslevel       = unknown
/bin/universe          = unknown

PATH: /opt/intel/compilers_and_libraries_2019.3.199/mac/bin/intel64
PATH: /Users/case/miniconda/bin
PATH: /Users/case/phenix/build/bin
PATH: /Applications/ccp4-7.0/etc
PATH: /Applications/ccp4-7.0/bin
PATH: .
PATH: /Users/case/bin
PATH: /Users/case/afnmr/bin
PATH: /usr/local/texlive/2018/bin/x86_64-darwin
PATH: /Users/case/misc_code/rdb
PATH: /opt/local/bin
PATH: /usr/local/bin
PATH: /usr/bin
PATH: /bin
PATH: /usr/sbin


## ----------- ##
## Core tests. ##
## ----------- ##

configure:2844: checking for a BSD-compatible install
configure:2912: result: /opt/local/bin/ginstall -c
configure:2923: checking whether build environment is sane
configure:2973: result: yes
configure:3114: checking for a thread-safe mkdir -p
configure:3153: result: /opt/local/bin/gmkdir -p
configure:3166: checking for gawk
configure:3196: result: no
configure:3166: checking for mawk
configure:3196: result: no
configure:3166: checking for nawk
configure:3196: result: no
configure:3166: checking for awk
configure:3182: found /usr/bin/awk
configure:3193: result: awk
configure:3204: checking whether make sets $(MAKE)
configure:3226: result: yes
configure:3310: checking whether to enable maintainer-specific portions of Makefiles
configure:3319: result: no
configure:3367: checking build system type
configure:3381: result: x86_64-apple-darwin19.0.0
configure:3401: checking host system type
configure:3414: result: x86_64-apple-darwin19.0.0
configure:3851: checking for gcc
configure:3878: result: gcc -fPIC
configure:4107: checking for C compiler version
configure:4116: gcc -fPIC --version >&5
gcc (MacPorts gcc9 9.2.0_1) 9.2.0
Copyright (C) 2019 Free Software Foundation, Inc.
This is free software; see the source for copying conditions.  There is NO
warranty; not even for MERCHANTABILITY or FITNESS FOR A PARTICULAR PURPOSE.

configure:4127: $? = 0
configure:4116: gcc -fPIC -v >&5
Using built-in specs.
COLLECT_GCC=gcc
COLLECT_LTO_WRAPPER=/opt/local/libexec/gcc/x86_64-apple-darwin19/9.2.0/lto-wrapper
Target: x86_64-apple-darwin19
Configured with: /opt/local/var/macports/build/_opt_local_var_macports_sources_rsync.macports.org_macports_release_tarballs_ports_lang_gcc9/gcc9/work/gcc-9.2.0/configure --prefix=/opt/local --build=x86_64-apple-darwin19 --enable-languages=c,c++,objc,obj-c++,lto,fortran --libdir=/opt/local/lib/gcc9 --includedir=/opt/local/include/gcc9 --infodir=/opt/local/share/info --mandir=/opt/local/share/man --datarootdir=/opt/local/share/gcc-9 --with-local-prefix=/opt/local --with-system-zlib --disable-nls --program-suffix=-mp-9 --with-gxx-include-dir=/opt/local/include/gcc9/c++/ --with-gmp=/opt/local --with-mpfr=/opt/local --with-mpc=/opt/local --with-isl=/opt/local --enable-stage1-checking --disable-multilib --enable-lto --enable-libstdcxx-time --with-build-config=bootstrap-debug --with-as=/opt/local/bin/as --with-ld=/opt/local/bin/ld --with-ar=/opt/local/bin/ar --with-bugurl=https://trac.macports.org/newticket --disable-tls --with-pkgversion='MacPorts gcc9 9.2.0_1' --with-sysroot=/Library/Developer/CommandLineTools/SDKs/MacOSX10.15.sdk
Thread model: posix
gcc version 9.2.0 (MacPorts gcc9 9.2.0_1) 
configure:4127: $? = 0
configure:4116: gcc -fPIC -V >&5
gcc: error: unrecognized command line option '-V'
gcc: fatal error: no input files
compilation terminated.
configure:4127: $? = 1
configure:4116: gcc -fPIC -qversion >&5
gcc: error: unrecognized command line option '-qversion'; did you mean '--version'?
gcc: fatal error: no input files
compilation terminated.
configure:4127: $? = 1
configure:4147: checking whether the C compiler works
configure:4169: gcc -fPIC     conftest.c  >&5

## ---------------- ##
## Cache variables. ##
## ---------------- ##

ac_cv_build=x86_64-apple-darwin19.0.0
ac_cv_env_CC_set=set
ac_cv_env_CC_value='gcc -fPIC'
ac_cv_env_CFLAGS_set=set
ac_cv_env_CFLAGS_value=' '
ac_cv_env_CPPFLAGS_set=
ac_cv_env_CPPFLAGS_value=
ac_cv_env_CPP_set=
ac_cv_env_CPP_value=
ac_cv_env_F77_set=set
ac_cv_env_F77_value='gfortran -fPIC'
ac_cv_env_FFLAGS_set=set
ac_cv_env_FFLAGS_value=' '
ac_cv_env_LDFLAGS_set=
ac_cv_env_LDFLAGS_value=
ac_cv_env_LIBS_set=
ac_cv_env_LIBS_value=
ac_cv_env_MPICC_set=
ac_cv_env_MPICC_value=
ac_cv_env_build_alias_set=
ac_cv_env_build_alias_value=
ac_cv_env_host_alias_set=
ac_cv_env_host_alias_value=
ac_cv_env_target_alias_set=
ac_cv_env_target_alias_value=
ac_cv_host=x86_64-apple-darwin19.0.0
ac_cv_path_install='/opt/local/bin/ginstall -c'
ac_cv_path_mkdir=/opt/local/bin/gmkdir
ac_cv_prog_AWK=awk
ac_cv_prog_ac_ct_CC='gcc -fPIC'
ac_cv_prog_make_make_set=yes

## ----------------- ##
## Output variables. ##
## ----------------- ##

ACLOCAL='${SHELL} /Users/case/msander/src/fftw-3.3/missing --run aclocal-1.11'
ALLOCA=''
ALTIVEC_CFLAGS=''
AMDEPBACKSLASH=''
AMDEP_FALSE=''
AMDEP_TRUE=''
AMTAR='${SHELL} /Users/case/msander/src/fftw-3.3/missing --run tar'
AR=''
AS=''
AUTOCONF='${SHELL} /Users/case/msander/src/fftw-3.3/missing --run autoconf'
AUTOHEADER='${SHELL} /Users/case/msander/src/fftw-3.3/missing --run autoheader'
AUTOMAKE='${SHELL} /Users/case/msander/src/fftw-3.3/missing --run automake-1.11'
AVX_CFLAGS=''
AWK='awk'
CC='gcc -fPIC'
CCDEPMODE=''
CFLAGS=' '
CHECK_PL_OPTS=''
COMBINED_THREADS_FALSE=''
COMBINED_THREADS_TRUE=''
CPP=''
CPPFLAGS=''
CYGPATH_W='echo'
C_FFTW_R2R_KIND=''
C_MPI_FINT=''
DEFS=''
DEPDIR=''
DLLTOOL=''
DSYMUTIL=''
DUMPBIN=''
ECHO_C='\c'
ECHO_N=''
ECHO_T=''
EGREP=''
EXEEXT=''
F77='gfortran -fPIC'
FFLAGS=' '
FGREP=''
FLIBS=''
GREP=''
HAVE_ALTIVEC_FALSE=''
HAVE_ALTIVEC_TRUE='#'
HAVE_AVX_FALSE=''
HAVE_AVX_TRUE='#'
HAVE_MIPS_PS_FALSE=''
HAVE_MIPS_PS_TRUE='#'
HAVE_SSE2_FALSE='#'
HAVE_SSE2_TRUE=''
INSTALL_DATA='${INSTALL} -m 644'
INSTALL_PROGRAM='${INSTALL}'
INSTALL_SCRIPT='${INSTALL}'
INSTALL_STRIP_PROGRAM='$(install_sh) -c -s'
LD=''
LDFLAGS=''
LDOUBLE_FALSE=''
LDOUBLE_TRUE='#'
LIBOBJS=''
LIBQUADMATH=''
LIBS=''
LIBTOOL=''
LIPO=''
LN_S=''
LTLIBOBJS=''
MAINT='#'
MAINTAINER_MODE_FALSE=''
MAINTAINER_MODE_TRUE='#'
MAKEINFO='${SHELL} /Users/case/msander/src/fftw-3.3/missing --run makeinfo'
MKDIR_P='/opt/local/bin/gmkdir -p'
MPICC=''
MPILIBS=''
MPIRUN=''
MPI_FALSE=''
MPI_TRUE=''
NM=''
NMEDIT=''
OBJDUMP=''
OBJEXT=''
OCAMLBUILD=''
OPENMP_CFLAGS=''
OPENMP_FALSE=''
OPENMP_TRUE=''
OTOOL64=''
OTOOL=''
PACKAGE='fftw'
PACKAGE_BUGREPORT='fftw@fftw.org'
PACKAGE_NAME='fftw'
PACKAGE_STRING='fftw 3.3'
PACKAGE_TARNAME='fftw'
PACKAGE_URL=''
PACKAGE_VERSION='3.3'
PATH_SEPARATOR=':'
POW_LIB=''
PRECISION='d'
PREC_SUFFIX=''
PTHREAD_CC=''
PTHREAD_CFLAGS=''
PTHREAD_LIBS=''
QUAD_FALSE=''
QUAD_TRUE='#'
RANLIB=''
SED=''
SET_MAKE=''
SHARED_VERSION_INFO='6:0:3'
SHELL='/bin/sh'
SINGLE_FALSE=''
SINGLE_TRUE='#'
SMP_FALSE=''
SMP_TRUE=''
SSE2_CFLAGS=''
STACK_ALIGN_CFLAGS=''
STRIP=''
THREADLIBS=''
THREADS_FALSE=''
THREADS_TRUE=''
VERSION='3.3'
ac_ct_CC='gcc -fPIC'
ac_ct_DUMPBIN=''
ac_ct_F77=''
acx_pthread_config=''
am__EXEEXT_FALSE=''
am__EXEEXT_TRUE=''
am__fastdepCC_FALSE=''
am__fastdepCC_TRUE=''
am__include=''
am__isrc=''
am__leading_dot='.'
am__quote=''
am__tar='${AMTAR} chof - "$$tardir"'
am__untar='${AMTAR} xf -'
bindir='${exec_prefix}/bin'
build='x86_64-apple-darwin19.0.0'
build_alias=''
build_cpu='x86_64'
build_os='darwin19.0.0'
build_vendor='apple'
datadir='${datarootdir}'
datarootdir='${prefix}/share'
docdir='${datarootdir}/doc/${PACKAGE_TARNAME}'
dvidir='${docdir}'
exec_prefix='NONE'
host='x86_64-apple-darwin19.0.0'
host_alias=''
host_cpu='x86_64'
host_os='darwin19.0.0'
host_vendor='apple'
htmldir='${docdir}'
includedir='${prefix}/include'
infodir='${datarootdir}/info'
install_sh='${SHELL} /Users/case/msander/src/fftw-3.3/install-sh'
libdir='/Users/case/msander/lib'
libexecdir='${exec_prefix}/libexec'
localedir='${datarootdir}/locale'
localstatedir='${prefix}/var'
lt_ECHO='/bin/echo'
mandir='${datarootdir}/man'
mkdir_p='/opt/local/bin/gmkdir -p'
oldincludedir='/usr/include'
pdfdir='${docdir}'
prefix='/Users/case/msander'
program_transform_name='s,x,x,'
psdir='${docdir}'
sbindir='${exec_prefix}/sbin'
sharedstatedir='${prefix}/com'
sysconfdir='${prefix}/etc'
target_alias=''

## ----------- ##
## confdefs.h. ##
## ----------- ##

/* confdefs.h */
#define PACKAGE_NAME "fftw"
#define PACKAGE_TARNAME "fftw"
#define PACKAGE_VERSION "3.3"
#define PACKAGE_STRING "fftw 3.3"
#define PACKAGE_BUGREPORT "fftw@fftw.org"
#define PACKAGE_URL ""
#define PACKAGE "fftw"
#define VERSION "3.3"
#define FFTW_ENABLE_ALLOCA 1
#define HAVE_SSE2 1

configure: caught signal 2
configure: exit 1
